<?xml version="1.0" encoding="UTF-8"?>
<!-- Generated by org.testng.reporters.JUnitXMLReporter -->
<testsuite hostname="Deepaks-MacBook-Pro.local" failures="1" tests="2" name="Default test" time="0.892" errors="0" timestamp="22 Sep 2020 12:56:05 GMT">
  <testcase classname="com.bidding.system.Bidding.System.dao.BiddingSystemDaoImplTest" name="getRunningAuctionsSuccessfully" time="0.027"/>
  <testcase classname="com.bidding.system.Bidding.System.dao.BiddingSystemDaoImplTest" name="placeBidSuccessfully" time="0.037">
    <failure type="org.mockito.exceptions.misusing.NotAMockException" message="
Argument passed to verify() is of type BiddingSystemDaoImpl and is not a mock!
Make sure you place the parenthesis correctly!
See the examples of correct verifications:
    verify(mock).someMethod();
    verify(mock, times(10)).someMethod();
    verify(mock, atLeastOnce()).someMethod();">
      <![CDATA[org.mockito.exceptions.misusing.NotAMockException: 
Argument passed to verify() is of type BiddingSystemDaoImpl and is not a mock!
Make sure you place the parenthesis correctly!
See the examples of correct verifications:
    verify(mock).someMethod();
    verify(mock, times(10)).someMethod();
    verify(mock, atLeastOnce()).someMethod();
	at com.bidding.system.Bidding.System.dao.BiddingSystemDaoImplTest.placeBidSuccessfully(BiddingSystemDaoImplTest.java:57)
]]>
    </failure>
  </testcase> <!-- placeBidSuccessfully -->
</testsuite> <!-- Default test -->
